<?xml version="1.0" encoding="UTF-8"?>
<testsuites name="jest tests" tests="5" failures="1" errors="0" time="1205.778">
  <testsuite name="Gen 2 Codegen E2E tests" errors="0" failures="0" skipped="3" timestamp="2025-04-29T03:45:25" time="967.487" tests="4">
    <testcase classname="Gen 2 Codegen E2E tests render pipeline renders a project with no parameters" name="Gen 2 Codegen E2E tests render pipeline renders a project with no parameters" time="0">
      <skipped/>
    </testcase>
    <testcase classname="Gen 2 Codegen E2E tests Full Migration Gen 2 Codegen Flow should init a project &amp; add auth, function, storage, api with defaults &amp; perform full migration codegen flow" name="Gen 2 Codegen E2E tests Full Migration Gen 2 Codegen Flow should init a project &amp; add auth, function, storage, api with defaults &amp; perform full migration codegen flow" time="956.008">
    </testcase>
    <testcase classname="Gen 2 Codegen E2E tests Full Migration Gen 2 Codegen Flow should init a project where all possible auth options are selected and perform full migration codegen flow " name="Gen 2 Codegen E2E tests Full Migration Gen 2 Codegen Flow should init a project where all possible auth options are selected and perform full migration codegen flow " time="0">
      <skipped/>
    </testcase>
    <testcase classname="Gen 2 Codegen E2E tests Full Migration Gen 2 Codegen Flow should init a project where default auth, all possible s3 bucket resource options are selected and perform full migration codegen flow " name="Gen 2 Codegen E2E tests Full Migration Gen 2 Codegen Flow should init a project where default auth, all possible s3 bucket resource options are selected and perform full migration codegen flow " time="0">
      <skipped/>
    </testcase>
  </testsuite>
  <testsuite name="Templategen E2E tests" errors="0" failures="1" skipped="0" timestamp="2025-04-29T03:45:25" time="1204.877" tests="1">
    <testcase classname="Templategen E2E tests Full Migration Templategen Flow should init a project with auth, function, storage, api &amp; perform execute followed by revert" name="Templategen E2E tests Full Migration Templategen Flow should init a project with auth, function, storage, api &amp; perform execute followed by revert" time="1193.391">
      <failure>ValidationError: Stack with id amplify-mygen2app-test8e806dc1-sandbox-8e61c116d9 does not exist
    at throwDefaultError (/Users/rjabhi/amplify-cli/node_modules/@smithy/smithy-client/dist-cjs/index.js:867:20)
    at /Users/rjabhi/amplify-cli/node_modules/@smithy/smithy-client/dist-cjs/index.js:876:5
    at de_CommandError (/Users/rjabhi/amplify-cli/node_modules/@aws-sdk/client-cloudformation/dist-cjs/index.js:3590:14)
    at processTicksAndRejections (node:internal/process/task_queues:95:5)
    at /Users/rjabhi/amplify-cli/node_modules/@smithy/middleware-serde/dist-cjs/index.js:35:20
    at /Users/rjabhi/amplify-cli/node_modules/@smithy/core/dist-cjs/index.js:167:18
    at /Users/rjabhi/amplify-cli/node_modules/@smithy/middleware-retry/dist-cjs/index.js:320:38
    at /Users/rjabhi/amplify-cli/node_modules/@aws-sdk/middleware-logger/dist-cjs/index.js:33:22
    at deleteStack (/Users/rjabhi/amplify-cli/packages/amplify-migration-e2e/src/sdk_calls.ts:84:22)
    at deleteGen2SandboxStack (/Users/rjabhi/amplify-cli/packages/amplify-migration-e2e/src/sandbox.ts:42:3)</failure>
    </testcase>
  </testsuite>
</testsuites>